This is pdfTeX, Version 3.14159265-2.6-1.40.19 (TeX Live 2018/W32TeX) (preloaded format=pdflatex 2019.3.19)  19 JAN 2020 00:09
entering extended mode
 restricted \write18 enabled.
 %&-line parsing enabled.
**ia_vis_3d_final.tex
(./ia_vis_3d_final.tex
LaTeX2e <2018-12-01>
(./ieeeaccess.cls (./IEEEtran.cls
Document Class: IEEEtran 2015/08/26 V1.8b by Michael Shell
-- See the "IEEEtran_HOWTO" manual for usage information.
-- http://www.michaelshell.org/tex/ieeetran/
\@IEEEtrantmpdimenA=\dimen102
\@IEEEtrantmpdimenB=\dimen103
\@IEEEtrantmpdimenC=\dimen104
\@IEEEtrantmpcountA=\count80
\@IEEEtrantmpcountB=\count81
\@IEEEtrantmpcountC=\count82
\@IEEEtrantmptoksA=\toks14
LaTeX Font Info:    Try loading font information for OT1+ptm on input line 503.

(d:/texlive/texlive/2018/texmf-dist/tex/latex/psnfss/ot1ptm.fd
File: ot1ptm.fd 2001/06/04 font definitions for OT1/ptm.
)
-- Using 8.5in x 11in (letter) paper.
-- Using PDF output.
\@IEEEnormalsizeunitybaselineskip=\dimen105
-- This is a 10 point document.
\CLASSINFOnormalsizebaselineskip=\dimen106
\CLASSINFOnormalsizeunitybaselineskip=\dimen107
\IEEEnormaljot=\dimen108
LaTeX Font Info:    Font shape `OT1/ptm/bx/n' in size <5> not available
(Font)              Font shape `OT1/ptm/b/n' tried instead on input line 1090.
LaTeX Font Info:    Font shape `OT1/ptm/bx/it' in size <5> not available
(Font)              Font shape `OT1/ptm/b/it' tried instead on input line 1090.

LaTeX Font Info:    Font shape `OT1/ptm/bx/n' in size <7> not available
(Font)              Font shape `OT1/ptm/b/n' tried instead on input line 1090.
LaTeX Font Info:    Font shape `OT1/ptm/bx/it' in size <7> not available
(Font)              Font shape `OT1/ptm/b/it' tried instead on input line 1090.

LaTeX Font Info:    Font shape `OT1/ptm/bx/n' in size <8> not available
(Font)              Font shape `OT1/ptm/b/n' tried instead on input line 1090.
LaTeX Font Info:    Font shape `OT1/ptm/bx/it' in size <8> not available
(Font)              Font shape `OT1/ptm/b/it' tried instead on input line 1090.

LaTeX Font Info:    Font shape `OT1/ptm/bx/n' in size <9> not available
(Font)              Font shape `OT1/ptm/b/n' tried instead on input line 1090.
LaTeX Font Info:    Font shape `OT1/ptm/bx/it' in size <9> not available
(Font)              Font shape `OT1/ptm/b/it' tried instead on input line 1090.

LaTeX Font Info:    Font shape `OT1/ptm/bx/n' in size <10> not available
(Font)              Font shape `OT1/ptm/b/n' tried instead on input line 1090.
LaTeX Font Info:    Font shape `OT1/ptm/bx/it' in size <10> not available
(Font)              Font shape `OT1/ptm/b/it' tried instead on input line 1090.

LaTeX Font Info:    Font shape `OT1/ptm/bx/n' in size <11> not available
(Font)              Font shape `OT1/ptm/b/n' tried instead on input line 1090.
LaTeX Font Info:    Font shape `OT1/ptm/bx/it' in size <11> not available
(Font)              Font shape `OT1/ptm/b/it' tried instead on input line 1090.

LaTeX Font Info:    Font shape `OT1/ptm/bx/n' in size <12> not available
(Font)              Font shape `OT1/ptm/b/n' tried instead on input line 1090.
LaTeX Font Info:    Font shape `OT1/ptm/bx/it' in size <12> not available
(Font)              Font shape `OT1/ptm/b/it' tried instead on input line 1090.

LaTeX Font Info:    Font shape `OT1/ptm/bx/n' in size <17> not available
(Font)              Font shape `OT1/ptm/b/n' tried instead on input line 1090.
LaTeX Font Info:    Font shape `OT1/ptm/bx/it' in size <17> not available
(Font)              Font shape `OT1/ptm/b/it' tried instead on input line 1090.

LaTeX Font Info:    Font shape `OT1/ptm/bx/n' in size <20> not available
(Font)              Font shape `OT1/ptm/b/n' tried instead on input line 1090.
LaTeX Font Info:    Font shape `OT1/ptm/bx/it' in size <20> not available
(Font)              Font shape `OT1/ptm/b/it' tried instead on input line 1090.

LaTeX Font Info:    Font shape `OT1/ptm/bx/n' in size <24> not available
(Font)              Font shape `OT1/ptm/b/n' tried instead on input line 1090.
LaTeX Font Info:    Font shape `OT1/ptm/bx/it' in size <24> not available
(Font)              Font shape `OT1/ptm/b/it' tried instead on input line 1090.

\IEEEquantizedlength=\dimen109
\IEEEquantizedlengthdiff=\dimen110
\IEEEquantizedtextheightdiff=\dimen111
\IEEEilabelindentA=\dimen112
\IEEEilabelindentB=\dimen113
\IEEEilabelindent=\dimen114
\IEEEelabelindent=\dimen115
\IEEEdlabelindent=\dimen116
\IEEElabelindent=\dimen117
\IEEEiednormlabelsep=\dimen118
\IEEEiedmathlabelsep=\dimen119
\IEEEiedtopsep=\skip41
\c@section=\count83
\c@subsection=\count84
\c@subsubsection=\count85
\c@paragraph=\count86
\c@IEEEsubequation=\count87
\abovecaptionskip=\skip42
\belowcaptionskip=\skip43
\c@figure=\count88
\c@table=\count89
\@IEEEeqnnumcols=\count90
\@IEEEeqncolcnt=\count91
\@IEEEsubeqnnumrollback=\count92
\@IEEEquantizeheightA=\dimen120
\@IEEEquantizeheightB=\dimen121
\@IEEEquantizeheightC=\dimen122
\@IEEEquantizeprevdepth=\dimen123
\@IEEEquantizemultiple=\count93
\@IEEEquantizeboxA=\box27
\@IEEEtmpitemindent=\dimen124
\IEEEPARstartletwidth=\dimen125
\c@IEEEbiography=\count94
\@IEEEtranrubishbin=\box28
) (d:/texlive/texlive/2018/texmf-dist/tex/generic/oberdiek/ifpdf.sty
Package: ifpdf 2018/09/07 v3.3 Provides the ifpdf switch
)
(d:/texlive/texlive/2018/texmf-dist/tex/latex/xkeyval/xkeyval.sty
Package: xkeyval 2014/12/03 v2.7a package option processing (HA)

(d:/texlive/texlive/2018/texmf-dist/tex/generic/xkeyval/xkeyval.tex
(d:/texlive/texlive/2018/texmf-dist/tex/generic/xkeyval/xkvutils.tex
\XKV@toks=\toks15
\XKV@tempa@toks=\toks16

(d:/texlive/texlive/2018/texmf-dist/tex/generic/xkeyval/keyval.tex))
\XKV@depth=\count95
File: xkeyval.tex 2014/12/03 v2.7a key=value parser (HA)
)){d:/texlive/texlive/2018/texmf-var/fonts/map/pdftex/updmap/pdftex.map}

pdfTeX warning: pdflatex.exe (file t1-times.map): cannot open font map file


pdfTeX warning: pdflatex.exe (file t1-formata.map): cannot open font map file


pdfTeX warning: pdflatex.exe (file t1-giovannistd.map): cannot open font map fi
le
\@draftversionrule=\dimen126
(d:/texlive/texlive/2018/texmf-dist/tex/latex/graphics/color.sty
Package: color 2016/07/10 v1.1e Standard LaTeX Color (DPC)

(d:/texlive/texlive/2018/texmf-dist/tex/latex/graphics-cfg/color.cfg
File: color.cfg 2016/01/02 v1.6 sample color configuration
)
Package color Info: Driver file: pdftex.def on input line 147.

(d:/texlive/texlive/2018/texmf-dist/tex/latex/graphics-def/pdftex.def
File: pdftex.def 2018/01/08 v1.0l Graphics/color driver for pdftex
))
(d:/texlive/texlive/2018/texmf-dist/tex/latex/spotcolor/spotcolor.sty
Package: spotcolor 2006/11/15 v1.2 Package for adding Spot Color support to pdf
LaTeX.

(d:/texlive/texlive/2018/texmf-dist/tex/latex/graphics/graphics.sty
Package: graphics 2017/06/25 v1.2c Standard LaTeX Graphics (DPC,SPQR)

(d:/texlive/texlive/2018/texmf-dist/tex/latex/graphics/trig.sty
Package: trig 2016/01/03 v1.10 sin cos tan (DPC)
)
(d:/texlive/texlive/2018/texmf-dist/tex/latex/graphics-cfg/graphics.cfg
File: graphics.cfg 2016/06/04 v1.11 sample graphics configuration
)
Package graphics Info: Driver file: pdftex.def on input line 99.
)
\thecolorprofile=\count96
\thecolor=\count97
)
\PANTONE=\toks17
Package color Info: Redefining color black on input line 134.
\figbox=\box29
\titlewidth=\skip44
\abstractwidth=\skip45
\c@addrCtr=\count98
\abstractbox=\box30
\indexbox=\box31
\absht=\dimen127
\kwdht=\dimen128
\@tempcntc=\count99
\titlepgskip=\skip46
\maketitlebox=\box32
)
(d:/texlive/texlive/2018/texmf-dist/tex/latex/cite/cite.sty
LaTeX Info: Redefining \cite on input line 302.
LaTeX Info: Redefining \nocite on input line 332.
Package: cite 2015/02/27  v 5.5
)
(d:/texlive/texlive/2018/texmf-dist/tex/latex/amsmath/amsmath.sty
Package: amsmath 2018/12/01 v2.17b AMS math features
\@mathmargin=\skip47

For additional information on amsmath, use the `?' option.
(d:/texlive/texlive/2018/texmf-dist/tex/latex/amsmath/amstext.sty
Package: amstext 2000/06/29 v2.01 AMS text

(d:/texlive/texlive/2018/texmf-dist/tex/latex/amsmath/amsgen.sty
File: amsgen.sty 1999/11/30 v2.0 generic functions
\@emptytoks=\toks18
\ex@=\dimen129
))
(d:/texlive/texlive/2018/texmf-dist/tex/latex/amsmath/amsbsy.sty
Package: amsbsy 1999/11/29 v1.2d Bold Symbols
\pmbraise@=\dimen130
)
(d:/texlive/texlive/2018/texmf-dist/tex/latex/amsmath/amsopn.sty
Package: amsopn 2016/03/08 v2.02 operator names
)
\inf@bad=\count100
LaTeX Info: Redefining \frac on input line 223.
\uproot@=\count101
\leftroot@=\count102
LaTeX Info: Redefining \overline on input line 385.
\classnum@=\count103
\DOTSCASE@=\count104
LaTeX Info: Redefining \ldots on input line 482.
LaTeX Info: Redefining \dots on input line 485.
LaTeX Info: Redefining \cdots on input line 606.
\Mathstrutbox@=\box33
\strutbox@=\box34
\big@size=\dimen131
LaTeX Font Info:    Redeclaring font encoding OML on input line 729.
LaTeX Font Info:    Redeclaring font encoding OMS on input line 730.
\macc@depth=\count105
\c@MaxMatrixCols=\count106
\dotsspace@=\muskip10
\c@parentequation=\count107
\dspbrk@lvl=\count108
\tag@help=\toks19
\row@=\count109
\column@=\count110
\maxfields@=\count111
\andhelp@=\toks20
\eqnshift@=\dimen132
\alignsep@=\dimen133
\tagshift@=\dimen134
\tagwidth@=\dimen135
\totwidth@=\dimen136
\lineht@=\dimen137
\@envbody=\toks21
\multlinegap=\skip48
\multlinetaggap=\skip49
\mathdisplay@stack=\toks22
LaTeX Info: Redefining \[ on input line 2844.
LaTeX Info: Redefining \] on input line 2845.
)
(d:/texlive/texlive/2018/texmf-dist/tex/latex/amsfonts/amssymb.sty
Package: amssymb 2013/01/14 v3.01 AMS font symbols

(d:/texlive/texlive/2018/texmf-dist/tex/latex/amsfonts/amsfonts.sty
Package: amsfonts 2013/01/14 v3.01 Basic AMSFonts support
\symAMSa=\mathgroup4
\symAMSb=\mathgroup5
LaTeX Font Info:    Overwriting math alphabet `\mathfrak' in version `bold'
(Font)                  U/euf/m/n --> U/euf/b/n on input line 106.
))
(d:/texlive/texlive/2018/texmf-dist/tex/latex/algorithms/algorithm.sty
Package: algorithm 2009/08/24 v0.1 Document Style `algorithm' - floating enviro
nment

(d:/texlive/texlive/2018/texmf-dist/tex/latex/float/float.sty
Package: float 2001/11/08 v1.3d Float enhancements (AL)
\c@float@type=\count112
\float@exts=\toks23
\float@box=\box35
\@float@everytoks=\toks24
\@floatcapt=\box36
)
(d:/texlive/texlive/2018/texmf-dist/tex/latex/base/ifthen.sty
Package: ifthen 2014/09/29 v1.1c Standard LaTeX ifthen package (DPC)
)
\@float@every@algorithm=\toks25
\c@algorithm=\count113
)
(d:/texlive/texlive/2018/texmf-dist/tex/latex/algorithmicx/algorithmicx.sty
Package: algorithmicx 2005/04/27 v1.2 Algorithmicx

Document Style algorithmicx 1.2 - a greatly improved `algorithmic' style
\c@ALG@line=\count114
\c@ALG@rem=\count115
\c@ALG@nested=\count116
\ALG@tlm=\skip50
\ALG@thistlm=\skip51
\c@ALG@Lnr=\count117
\c@ALG@blocknr=\count118
\c@ALG@storecount=\count119
\c@ALG@tmpcounter=\count120
\ALG@tmplength=\skip52
) (d:/texlive/texlive/2018/texmf-dist/tex/latex/algorithmicx/algpseudocode.sty
Package: algpseudocode 

Document Style - pseudocode environments for use with the `algorithmicx' style
) (d:/texlive/texlive/2018/texmf-dist/tex/latex/graphics/graphicx.sty
Package: graphicx 2017/06/01 v1.1a Enhanced LaTeX Graphics (DPC,SPQR)
\Gin@req@height=\dimen138
\Gin@req@width=\dimen139
)
(d:/texlive/texlive/2018/texmf-dist/tex/latex/base/textcomp.sty
Package: textcomp 2018/08/11 v2.0j Standard LaTeX package
Package textcomp Info: Sub-encoding information:
(textcomp)               5 = only ISO-Adobe without \textcurrency
(textcomp)               4 = 5 + \texteuro
(textcomp)               3 = 4 + \textohm
(textcomp)               2 = 3 + \textestimated + \textcurrency
(textcomp)               1 = TS1 - \textcircled - \t
(textcomp)               0 = TS1 (full)
(textcomp)             Font families with sub-encoding setting implement
(textcomp)             only a restricted character set as indicated.
(textcomp)             Family '?' is the default used for unknown fonts.
(textcomp)             See the documentation for details.
Package textcomp Info: Setting ? sub-encoding to TS1/1 on input line 79.

(d:/texlive/texlive/2018/texmf-dist/tex/latex/base/ts1enc.def
File: ts1enc.def 2001/06/05 v3.0e (jk/car/fm) Standard LaTeX file
Now handling font encoding TS1 ...
... processing UTF-8 mapping file for font encoding TS1

(d:/texlive/texlive/2018/texmf-dist/tex/latex/base/ts1enc.dfu
File: ts1enc.dfu 2018/10/05 v1.2f UTF-8 support for inputenc
   defining Unicode char U+00A2 (decimal 162)
   defining Unicode char U+00A3 (decimal 163)
   defining Unicode char U+00A4 (decimal 164)
   defining Unicode char U+00A5 (decimal 165)
   defining Unicode char U+00A6 (decimal 166)
   defining Unicode char U+00A7 (decimal 167)
   defining Unicode char U+00A8 (decimal 168)
   defining Unicode char U+00A9 (decimal 169)
   defining Unicode char U+00AA (decimal 170)
   defining Unicode char U+00AC (decimal 172)
   defining Unicode char U+00AE (decimal 174)
   defining Unicode char U+00AF (decimal 175)
   defining Unicode char U+00B0 (decimal 176)
   defining Unicode char U+00B1 (decimal 177)
   defining Unicode char U+00B2 (decimal 178)
   defining Unicode char U+00B3 (decimal 179)
   defining Unicode char U+00B4 (decimal 180)
   defining Unicode char U+00B5 (decimal 181)
   defining Unicode char U+00B6 (decimal 182)
   defining Unicode char U+00B7 (decimal 183)
   defining Unicode char U+00B9 (decimal 185)
   defining Unicode char U+00BA (decimal 186)
   defining Unicode char U+00BC (decimal 188)
   defining Unicode char U+00BD (decimal 189)
   defining Unicode char U+00BE (decimal 190)
   defining Unicode char U+00D7 (decimal 215)
   defining Unicode char U+00F7 (decimal 247)
   defining Unicode char U+0192 (decimal 402)
   defining Unicode char U+02C7 (decimal 711)
   defining Unicode char U+02D8 (decimal 728)
   defining Unicode char U+02DD (decimal 733)
   defining Unicode char U+0E3F (decimal 3647)
   defining Unicode char U+2016 (decimal 8214)
   defining Unicode char U+2020 (decimal 8224)
   defining Unicode char U+2021 (decimal 8225)
   defining Unicode char U+2022 (decimal 8226)
   defining Unicode char U+2030 (decimal 8240)
   defining Unicode char U+2031 (decimal 8241)
   defining Unicode char U+203B (decimal 8251)
   defining Unicode char U+203D (decimal 8253)
   defining Unicode char U+2044 (decimal 8260)
   defining Unicode char U+204E (decimal 8270)
   defining Unicode char U+2052 (decimal 8274)
   defining Unicode char U+20A1 (decimal 8353)
   defining Unicode char U+20A4 (decimal 8356)
   defining Unicode char U+20A6 (decimal 8358)
   defining Unicode char U+20A9 (decimal 8361)
   defining Unicode char U+20AB (decimal 8363)
   defining Unicode char U+20AC (decimal 8364)
   defining Unicode char U+20B1 (decimal 8369)
   defining Unicode char U+2103 (decimal 8451)
   defining Unicode char U+2116 (decimal 8470)
   defining Unicode char U+2117 (decimal 8471)
   defining Unicode char U+211E (decimal 8478)
   defining Unicode char U+2120 (decimal 8480)
   defining Unicode char U+2122 (decimal 8482)
   defining Unicode char U+2126 (decimal 8486)
   defining Unicode char U+2127 (decimal 8487)
   defining Unicode char U+212E (decimal 8494)
   defining Unicode char U+2190 (decimal 8592)
   defining Unicode char U+2191 (decimal 8593)
   defining Unicode char U+2192 (decimal 8594)
   defining Unicode char U+2193 (decimal 8595)
   defining Unicode char U+2329 (decimal 9001)
   defining Unicode char U+232A (decimal 9002)
   defining Unicode char U+2422 (decimal 9250)
   defining Unicode char U+25E6 (decimal 9702)
   defining Unicode char U+25EF (decimal 9711)
   defining Unicode char U+266A (decimal 9834)
   defining Unicode char U+FEFF (decimal 65279)
))
LaTeX Info: Redefining \oldstylenums on input line 334.
Package textcomp Info: Setting cmr sub-encoding to TS1/0 on input line 349.
Package textcomp Info: Setting cmss sub-encoding to TS1/0 on input line 350.
Package textcomp Info: Setting cmtt sub-encoding to TS1/0 on input line 351.
Package textcomp Info: Setting cmvtt sub-encoding to TS1/0 on input line 352.
Package textcomp Info: Setting cmbr sub-encoding to TS1/0 on input line 353.
Package textcomp Info: Setting cmtl sub-encoding to TS1/0 on input line 354.
Package textcomp Info: Setting ccr sub-encoding to TS1/0 on input line 355.
Package textcomp Info: Setting ptm sub-encoding to TS1/4 on input line 356.
Package textcomp Info: Setting pcr sub-encoding to TS1/4 on input line 357.
Package textcomp Info: Setting phv sub-encoding to TS1/4 on input line 358.
Package textcomp Info: Setting ppl sub-encoding to TS1/3 on input line 359.
Package textcomp Info: Setting pag sub-encoding to TS1/4 on input line 360.
Package textcomp Info: Setting pbk sub-encoding to TS1/4 on input line 361.
Package textcomp Info: Setting pnc sub-encoding to TS1/4 on input line 362.
Package textcomp Info: Setting pzc sub-encoding to TS1/4 on input line 363.
Package textcomp Info: Setting bch sub-encoding to TS1/4 on input line 364.
Package textcomp Info: Setting put sub-encoding to TS1/5 on input line 365.
Package textcomp Info: Setting uag sub-encoding to TS1/5 on input line 366.
Package textcomp Info: Setting ugq sub-encoding to TS1/5 on input line 367.
Package textcomp Info: Setting ul8 sub-encoding to TS1/4 on input line 368.
Package textcomp Info: Setting ul9 sub-encoding to TS1/4 on input line 369.
Package textcomp Info: Setting augie sub-encoding to TS1/5 on input line 370.
Package textcomp Info: Setting dayrom sub-encoding to TS1/3 on input line 371.
Package textcomp Info: Setting dayroms sub-encoding to TS1/3 on input line 372.

Package textcomp Info: Setting pxr sub-encoding to TS1/0 on input line 373.
Package textcomp Info: Setting pxss sub-encoding to TS1/0 on input line 374.
Package textcomp Info: Setting pxtt sub-encoding to TS1/0 on input line 375.
Package textcomp Info: Setting txr sub-encoding to TS1/0 on input line 376.
Package textcomp Info: Setting txss sub-encoding to TS1/0 on input line 377.
Package textcomp Info: Setting txtt sub-encoding to TS1/0 on input line 378.
Package textcomp Info: Setting lmr sub-encoding to TS1/0 on input line 379.
Package textcomp Info: Setting lmdh sub-encoding to TS1/0 on input line 380.
Package textcomp Info: Setting lmss sub-encoding to TS1/0 on input line 381.
Package textcomp Info: Setting lmssq sub-encoding to TS1/0 on input line 382.
Package textcomp Info: Setting lmvtt sub-encoding to TS1/0 on input line 383.
Package textcomp Info: Setting lmtt sub-encoding to TS1/0 on input line 384.
Package textcomp Info: Setting qhv sub-encoding to TS1/0 on input line 385.
Package textcomp Info: Setting qag sub-encoding to TS1/0 on input line 386.
Package textcomp Info: Setting qbk sub-encoding to TS1/0 on input line 387.
Package textcomp Info: Setting qcr sub-encoding to TS1/0 on input line 388.
Package textcomp Info: Setting qcs sub-encoding to TS1/0 on input line 389.
Package textcomp Info: Setting qpl sub-encoding to TS1/0 on input line 390.
Package textcomp Info: Setting qtm sub-encoding to TS1/0 on input line 391.
Package textcomp Info: Setting qzc sub-encoding to TS1/0 on input line 392.
Package textcomp Info: Setting qhvc sub-encoding to TS1/0 on input line 393.
Package textcomp Info: Setting futs sub-encoding to TS1/4 on input line 394.
Package textcomp Info: Setting futx sub-encoding to TS1/4 on input line 395.
Package textcomp Info: Setting futj sub-encoding to TS1/4 on input line 396.
Package textcomp Info: Setting hlh sub-encoding to TS1/3 on input line 397.
Package textcomp Info: Setting hls sub-encoding to TS1/3 on input line 398.
Package textcomp Info: Setting hlst sub-encoding to TS1/3 on input line 399.
Package textcomp Info: Setting hlct sub-encoding to TS1/5 on input line 400.
Package textcomp Info: Setting hlx sub-encoding to TS1/5 on input line 401.
Package textcomp Info: Setting hlce sub-encoding to TS1/5 on input line 402.
Package textcomp Info: Setting hlcn sub-encoding to TS1/5 on input line 403.
Package textcomp Info: Setting hlcw sub-encoding to TS1/5 on input line 404.
Package textcomp Info: Setting hlcf sub-encoding to TS1/5 on input line 405.
Package textcomp Info: Setting pplx sub-encoding to TS1/3 on input line 406.
Package textcomp Info: Setting pplj sub-encoding to TS1/3 on input line 407.
Package textcomp Info: Setting ptmx sub-encoding to TS1/4 on input line 408.
Package textcomp Info: Setting ptmj sub-encoding to TS1/4 on input line 409.
)
(d:/texlive/texlive/2018/texmf-dist/tex/latex/soul/soul.sty
Package: soul 2003/11/17 v2.4 letterspacing/underlining (mf)
\SOUL@word=\toks26
\SOUL@lasttoken=\toks27
\SOUL@cmds=\toks28
\SOUL@buffer=\toks29
\SOUL@token=\toks30
\SOUL@spaceskip=\skip53
\SOUL@ttwidth=\dimen140
\SOUL@uldp=\dimen141
\SOUL@ulht=\dimen142
)
(d:/texlive/texlive/2018/texmf-dist/tex/latex/subfig/subfig.sty
Package: subfig 2005/06/28 ver: 1.3 subfig package

(d:/texlive/texlive/2018/texmf-dist/tex/latex/caption/caption3.sty
Package: caption3 2018/09/12 v1.8c caption3 kernel (AR)
Package caption3 Info: TeX engine: e-TeX on input line 64.
\captionmargin=\dimen143
\captionmargin@=\dimen144
\captionwidth=\dimen145
\caption@tempdima=\dimen146
\caption@indent=\dimen147
\caption@parindent=\dimen148
\caption@hangindent=\dimen149
Package caption Info: Unknown document class (or package),
(caption)             standard defaults will be used.
)
\c@KVtest=\count121
\sf@farskip=\skip54
\sf@captopadj=\dimen150
\sf@capskip=\skip55
\sf@nearskip=\skip56
\c@subfigure=\count122
\c@subfigure@save=\count123
\c@lofdepth=\count124
\c@subtable=\count125
\c@subtable@save=\count126
\c@lotdepth=\count127
\sf@top=\skip57
\sf@bottom=\skip58
)
(d:/texlive/texlive/2018/texmf-dist/tex/latex/lipsum/lipsum.sty
(d:/texlive/texlive/2018/texmf-dist/tex/latex/l3kernel/expl3.sty
Package: expl3 2019-02-15 L3 programming layer (loader) 

(d:/texlive/texlive/2018/texmf-dist/tex/latex/l3kernel/expl3-code.tex
Package: expl3 2019-02-15 L3 programming layer (code)
\c_max_int=\count128
\l_tmpa_int=\count129
\l_tmpb_int=\count130
\g_tmpa_int=\count131
\g_tmpb_int=\count132
\g__kernel_prg_map_int=\count133
\c_log_iow=\count134
\l_iow_line_count_int=\count135
\l__iow_line_target_int=\count136
\l__iow_one_indent_int=\count137
\l__iow_indent_int=\count138
\c_zero_dim=\dimen151
\c_max_dim=\dimen152
\l_tmpa_dim=\dimen153
\l_tmpb_dim=\dimen154
\g_tmpa_dim=\dimen155
\g_tmpb_dim=\dimen156
\c_zero_skip=\skip59
\c_max_skip=\skip60
\l_tmpa_skip=\skip61
\l_tmpb_skip=\skip62
\g_tmpa_skip=\skip63
\g_tmpb_skip=\skip64
\c_zero_muskip=\muskip11
\c_max_muskip=\muskip12
\l_tmpa_muskip=\muskip13
\l_tmpb_muskip=\muskip14
\g_tmpa_muskip=\muskip15
\g_tmpb_muskip=\muskip16
\l_keys_choice_int=\count139
\l__intarray_loop_int=\count140
\c__intarray_sp_dim=\dimen157
\g__intarray_font_int=\count141
\c__fp_leading_shift_int=\count142
\c__fp_middle_shift_int=\count143
\c__fp_trailing_shift_int=\count144
\c__fp_big_leading_shift_int=\count145
\c__fp_big_middle_shift_int=\count146
\c__fp_big_trailing_shift_int=\count147
\c__fp_Bigg_leading_shift_int=\count148
\c__fp_Bigg_middle_shift_int=\count149
\c__fp_Bigg_trailing_shift_int=\count150
\c__kernel_randint_max_int=\count151
\g__fp_array_int=\count152
\l__fp_array_loop_int=\count153
\l__sort_length_int=\count154
\l__sort_min_int=\count155
\l__sort_top_int=\count156
\l__sort_max_int=\count157
\l__sort_true_max_int=\count158
\l__sort_block_int=\count159
\l__sort_begin_int=\count160
\l__sort_end_int=\count161
\l__sort_A_int=\count162
\l__sort_B_int=\count163
\l__sort_C_int=\count164
\l__tl_analysis_normal_int=\count165
\l__tl_analysis_index_int=\count166
\l__tl_analysis_nesting_int=\count167
\l__tl_analysis_type_int=\count168
\l__regex_internal_a_int=\count169
\l__regex_internal_b_int=\count170
\l__regex_internal_c_int=\count171
\l__regex_balance_int=\count172
\l__regex_group_level_int=\count173
\l__regex_mode_int=\count174
\c__regex_cs_in_class_mode_int=\count175
\c__regex_cs_mode_int=\count176
\l__regex_catcodes_int=\count177
\l__regex_default_catcodes_int=\count178
\c__regex_catcode_D_int=\count179
\c__regex_catcode_S_int=\count180
\c__regex_catcode_L_int=\count181
\c__regex_catcode_O_int=\count182
\c__regex_catcode_A_int=\count183
\c__regex_all_catcodes_int=\count184
\l__regex_show_lines_int=\count185
\l__regex_min_state_int=\count186
\l__regex_max_state_int=\count187
\l__regex_left_state_int=\count188
\l__regex_right_state_int=\count189
\l__regex_capturing_group_int=\count190
\l__regex_min_pos_int=\count191
\l__regex_max_pos_int=\count192
\l__regex_curr_pos_int=\count193
\l__regex_start_pos_int=\count194
\l__regex_success_pos_int=\count195
\l__regex_curr_char_int=\count196
\l__regex_curr_catcode_int=\count197
\l__regex_last_char_int=\count198
\l__regex_case_changed_char_int=\count199
\l__regex_curr_state_int=\count266
\l__regex_step_int=\count267
\l__regex_min_active_int=\count268
\l__regex_max_active_int=\count269
\l__regex_replacement_csnames_int=\count270
\l__regex_match_count_int=\count271
\l__regex_min_submatch_int=\count272
\l__regex_submatch_int=\count273
\l__regex_zeroth_submatch_int=\count274
\g__regex_trace_regex_int=\count275
\c_empty_box=\box37
\l_tmpa_box=\box38
\l_tmpb_box=\box39
\g_tmpa_box=\box40
\g_tmpb_box=\box41
\l__box_top_dim=\dimen158
\l__box_bottom_dim=\dimen159
\l__box_left_dim=\dimen160
\l__box_right_dim=\dimen161
\l__box_top_new_dim=\dimen162
\l__box_bottom_new_dim=\dimen163
\l__box_left_new_dim=\dimen164
\l__box_right_new_dim=\dimen165
\l__box_internal_box=\box42
\l__coffin_internal_box=\box43
\l__coffin_internal_dim=\dimen166
\l__coffin_offset_x_dim=\dimen167
\l__coffin_offset_y_dim=\dimen168
\l__coffin_x_dim=\dimen169
\l__coffin_y_dim=\dimen170
\l__coffin_x_prime_dim=\dimen171
\l__coffin_y_prime_dim=\dimen172
\c_empty_coffin=\box44
\l__coffin_aligned_coffin=\box45
\l__coffin_aligned_internal_coffin=\box46
\l_tmpa_coffin=\box47
\l_tmpb_coffin=\box48
\g_tmpa_coffin=\box49
\g_tmpb_coffin=\box50
\c__coffin_empty_coffin=\box51
\l__coffin_display_coffin=\box52
\l__coffin_display_coord_coffin=\box53
\l__coffin_display_pole_coffin=\box54
\l__coffin_display_offset_dim=\dimen173
\l__coffin_display_x_dim=\dimen174
\l__coffin_display_y_dim=\dimen175
\g__file_internal_ior=\read1
\l__coffin_bounding_shift_dim=\dimen176
\l__coffin_left_corner_dim=\dimen177
\l__coffin_right_corner_dim=\dimen178
\l__coffin_bottom_corner_dim=\dimen179
\l__coffin_top_corner_dim=\dimen180
\l__coffin_scaled_total_height_dim=\dimen181
\l__coffin_scaled_width_dim=\dimen182
\l__seq_internal_a_int=\count276
\l__seq_internal_b_int=\count277
)
(d:/texlive/texlive/2018/texmf-dist/tex/latex/l3kernel/l3pdfmode.def
File: l3pdfmode.def 2019-02-15 v L3 Experimental driver: PDF mode
\l__driver_color_stack_int=\count278
))
(d:/texlive/texlive/2018/texmf-dist/tex/latex/l3packages/xparse/xparse.sty
Package: xparse 2018-10-17 L3 Experimental document command parser
\l__xparse_current_arg_int=\count279
\g__xparse_grabber_int=\count280
\l__xparse_m_args_int=\count281
\l__xparse_mandatory_args_int=\count282
\l__xparse_v_nesting_int=\count283
)
Package: lipsum 2019/01/02 v2.2 150 paragraphs of Lorem Ipsum dummy text

(d:/texlive/texlive/2018/texmf-dist/tex/latex/lipsum/lipsum.ltd.tex
File: lipsum.ltd.tex 2019/01/02 v2.2 The Lorem ipsum dummy text
))
(d:/texlive/texlive/2018/texmf-dist/tex/latex/booktabs/booktabs.sty
Package: booktabs 2016/04/27 v1.618033 publication quality tables
\heavyrulewidth=\dimen183
\lightrulewidth=\dimen184
\cmidrulewidth=\dimen185
\belowrulesep=\dimen186
\belowbottomsep=\dimen187
\aboverulesep=\dimen188
\abovetopsep=\dimen189
\cmidrulesep=\dimen190
\cmidrulekern=\dimen191
\defaultaddspace=\dimen192
\@cmidla=\count284
\@cmidlb=\count285
\@aboverulesep=\dimen193
\@belowrulesep=\dimen194
\@thisruleclass=\count286
\@lastruleclass=\count287
\@thisrulewidth=\dimen195
)
(d:/texlive/texlive/2018/texmf-dist/tex/latex/threeparttable/threeparttable.sty
Package: threeparttable 2003/06/13  v 3.0
\@tempboxb=\box55
) (d:/texlive/texlive/2018/texmf-dist/tex/latex/caption/caption.sty
Package: caption 2018/10/06 v3.3-154 Customizing captions (AR)


Package caption Warning: Unsupported document class (or package) detected,
(caption)                usage of the caption package is not recommended.
See the caption package documentation for explanation.

Package caption Info: \@makecaption = \long macro:#1#2->\ifx \@captype \@IEEEta
blestring \begin {flushleft} \vspace *{5pt} {\vss \color {accessblue}\tablecaph
eadfont #1. \ }{\raggedright \tablecapfont #2\vss }\end {flushleft} \@IEEEtable
captionsepspace \else \@IEEEfigurecaptionsepspace \setbox \@tempboxa \hbox {\st
rut {\color {accessblue}\figcapheadfont #1. \ }\raggedright \figcapfont #2\stru
t }\ifdim \xfigwd >\columnwidth \setbox \@tempboxa \hbox {{\color {accessblue}\
figcapheadfont #1. \ }}\mbox {}\hfill \begin {tabular}{@{}l@{}}\noindent \ragge
dright \unhbox \@tempboxa \figcapfont #2\end {tabular}\hfill \mbox {}\else \set
box \@tempboxa \hbox {{\color {accessblue}\figcapheadfont #1. \ }}{\vss \ragged
right \noindent \unhbox \@tempboxa \figcapfont #2\vss }\fi \fi \vskip 1pt plus 
1pt minus 1pt.
\c@caption@flags=\count288
\c@ContinuedFloat=\count289
Package caption Info: float package is loaded.
Package caption Info: threeparttable package is loaded.
) (d:/texlive/texlive/2018/texmf-dist/tex/latex/oberdiek/epstopdf.sty
Package: epstopdf 2016/05/15 v2.6 Conversion with epstopdf on the fly (HO)

(d:/texlive/texlive/2018/texmf-dist/tex/latex/oberdiek/epstopdf-base.sty
Package: epstopdf-base 2016/05/15 v2.6 Base part for package epstopdf

(d:/texlive/texlive/2018/texmf-dist/tex/generic/oberdiek/infwarerr.sty
Package: infwarerr 2016/05/16 v1.4 Providing info/warning/error messages (HO)
)
(d:/texlive/texlive/2018/texmf-dist/tex/latex/oberdiek/grfext.sty
Package: grfext 2016/05/16 v1.2 Manage graphics extensions (HO)

(d:/texlive/texlive/2018/texmf-dist/tex/generic/oberdiek/kvdefinekeys.sty
Package: kvdefinekeys 2016/05/16 v1.4 Define keys (HO)

(d:/texlive/texlive/2018/texmf-dist/tex/generic/oberdiek/ltxcmds.sty
Package: ltxcmds 2016/05/16 v1.23 LaTeX kernel commands for general use (HO)
)))
(d:/texlive/texlive/2018/texmf-dist/tex/latex/oberdiek/kvoptions.sty
Package: kvoptions 2016/05/16 v3.12 Key value format for package options (HO)

(d:/texlive/texlive/2018/texmf-dist/tex/generic/oberdiek/kvsetkeys.sty
Package: kvsetkeys 2016/05/16 v1.17 Key value parser (HO)

(d:/texlive/texlive/2018/texmf-dist/tex/generic/oberdiek/etexcmds.sty
Package: etexcmds 2016/05/16 v1.6 Avoid name clashes with e-TeX commands (HO)

(d:/texlive/texlive/2018/texmf-dist/tex/generic/oberdiek/ifluatex.sty
Package: ifluatex 2016/05/16 v1.4 Provides the ifluatex switch (HO)
Package ifluatex Info: LuaTeX not detected.
)
Package etexcmds Info: Could not find \expanded.
(etexcmds)             That can mean that you are not using pdfTeX 1.50 or
(etexcmds)             that some package has redefined \expanded.
(etexcmds)             In the latter case, load this package earlier.
)))
(d:/texlive/texlive/2018/texmf-dist/tex/generic/oberdiek/pdftexcmds.sty
Package: pdftexcmds 2018/09/10 v0.29 Utility functions of pdfTeX for LuaTeX (HO
)
Package pdftexcmds Info: LuaTeX not detected.
Package pdftexcmds Info: \pdf@primitive is available.
Package pdftexcmds Info: \pdf@ifprimitive is available.
Package pdftexcmds Info: \pdfdraftmode found.
)
Package epstopdf-base Info: Redefining graphics rule for `.eps' on input line 4
38.
Package grfext Info: Graphics extension search list:
(grfext)             [.pdf,.png,.jpg,.mps,.jpeg,.jbig2,.jb2,.PDF,.PNG,.JPG,.JPE
G,.JBIG2,.JB2,.eps]
(grfext)             \AppendGraphicsExtensions on input line 456.

(d:/texlive/texlive/2018/texmf-dist/tex/latex/latexconfig/epstopdf-sys.cfg
File: epstopdf-sys.cfg 2010/07/13 v1.3 Configuration of (r)epstopdf for TeX Liv
e
)))
(d:/texlive/texlive/2018/texmf-dist/tex/latex/xcolor/xcolor.sty
Package: xcolor 2016/05/11 v2.12 LaTeX color extensions (UK)

(d:/texlive/texlive/2018/texmf-dist/tex/latex/graphics-cfg/color.cfg
File: color.cfg 2016/01/02 v1.6 sample color configuration
)
Package xcolor Info: Driver file: pdftex.def on input line 225.
LaTeX Info: Redefining \color on input line 709.
Package xcolor Info: Model `cmy' substituted by `cmy0' on input line 1348.
Package xcolor Info: Model `hsb' substituted by `rgb' on input line 1352.
Package xcolor Info: Model `RGB' extended on input line 1364.
Package xcolor Info: Model `HTML' substituted by `rgb' on input line 1366.
Package xcolor Info: Model `Hsb' substituted by `hsb' on input line 1367.
Package xcolor Info: Model `tHsb' substituted by `hsb' on input line 1368.
Package xcolor Info: Model `HSB' substituted by `hsb' on input line 1369.
Package xcolor Info: Model `Gray' substituted by `gray' on input line 1370.
Package xcolor Info: Model `wave' substituted by `hsb' on input line 1371.
)
(./ia_vis_3d_final.aux)
\openout1 = `ia_vis_3d_final.aux'.

LaTeX Font Info:    Checking defaults for OML/cmm/m/it on input line 32.
LaTeX Font Info:    ... okay on input line 32.
LaTeX Font Info:    Checking defaults for T1/cmr/m/n on input line 32.
LaTeX Font Info:    ... okay on input line 32.
LaTeX Font Info:    Checking defaults for OT1/cmr/m/n on input line 32.
LaTeX Font Info:    ... okay on input line 32.
LaTeX Font Info:    Checking defaults for OMS/cmsy/m/n on input line 32.
LaTeX Font Info:    ... okay on input line 32.
LaTeX Font Info:    Checking defaults for OMX/cmex/m/n on input line 32.
LaTeX Font Info:    ... okay on input line 32.
LaTeX Font Info:    Checking defaults for U/cmr/m/n on input line 32.
LaTeX Font Info:    ... okay on input line 32.
LaTeX Font Info:    Checking defaults for TS1/cmr/m/n on input line 32.
LaTeX Font Info:    Try loading font information for TS1+cmr on input line 32.

(d:/texlive/texlive/2018/texmf-dist/tex/latex/base/ts1cmr.fd
File: ts1cmr.fd 2014/09/29 v2.5h Standard LaTeX font definitions
)
LaTeX Font Info:    ... okay on input line 32.

-- Lines per column: 56 (exact).
LaTeX Font Info:    Try loading font information for T1+ptm on input line 32.
(d:/texlive/texlive/2018/texmf-dist/tex/latex/psnfss/t1ptm.fd
File: t1ptm.fd 2001/06/04 font definitions for T1/ptm.
)

LaTeX Font Warning: Font shape `T1/ptm/n/n' undefined
(Font)              using `T1/ptm/m/n' instead on input line 32.

(d:/texlive/texlive/2018/texmf-dist/tex/context/base/mkii/supp-pdf.mkii
[Loading MPS to PDF converter (version 2006.09.02).]
\scratchcounter=\count290
\scratchdimen=\dimen196
\scratchbox=\box56
\nofMPsegments=\count291
\nofMParguments=\count292
\everyMPshowfont=\toks31
\MPscratchCnt=\count293
\MPscratchDim=\dimen197
\MPnumerator=\count294
\makeMPintoPDFobject=\count295
\everyMPtoPDFconversion=\toks32
)
Package caption Info: Begin \AtBeginDocument code.
Package caption Info: subfig package v1.3 is loaded.
Package caption Info: End \AtBeginDocument code.
<bullet.png, id=3, 12.045pt x 35.38219pt>
File: bullet.png Graphic file (type png)
<use bullet.png>
Package pdftex.def Info: bullet.png  used on input line 53.
(pdftex.def)             Requested size: 5.0pt x 14.6871pt.


Package xcolor Warning: Incompatible color definition on input line 53.

LaTeX Font Info:    Try loading font information for T1+phv on input line 53.
(d:/texlive/texlive/2018/texmf-dist/tex/latex/psnfss/t1phv.fd
File: t1phv.fd 2001/06/04 scalable font definitions for T1/phv.
)

LaTeX Font Warning: Font shape `T1/phv/n/n' undefined
(Font)              using `T1/phv/m/n' instead on input line 53.

File: bullet.png Graphic file (type png)
<use bullet.png>
Package pdftex.def Info: bullet.png  used on input line 56.
(pdftex.def)             Requested size: 5.0pt x 14.6871pt.

Package xcolor Warning: Incompatible color definition on input line 56.


Package xcolor Warning: Incompatible color definition on input line 62.

LaTeX Font Info:    Calculating math sizes for size <9.9> on input line 62.
LaTeX Font Info:    Try loading font information for U+msa on input line 62.
(d:/texlive/texlive/2018/texmf-dist/tex/latex/amsfonts/umsa.fd
File: umsa.fd 2013/01/14 v3.01 AMS symbols A
)
LaTeX Font Info:    Try loading font information for U+msb on input line 62.

(d:/texlive/texlive/2018/texmf-dist/tex/latex/amsfonts/umsb.fd
File: umsb.fd 2013/01/14 v3.01 AMS symbols B
)
LaTeX Font Info:    Calculating math sizes for size <6.6> on input line 62.

Overfull \hbox (9.2679pt too wide) in paragraph at lines 62--62
[]  
 []


Overfull \hbox (9.2679pt too wide) in paragraph at lines 62--62
[]  
 []


Package xcolor Warning: Incompatible color definition on input line 64.

LaTeX Font Info:    Font shape `T1/ptm/bx/n' in size <10> not available
(Font)              Font shape `T1/ptm/b/n' tried instead on input line 66.

Underfull \vbox (badness 10000) has occurred while \output is active []


Underfull \vbox (badness 10000) has occurred while \output is active []



Package xcolor Warning: Incompatible color definition on input line 73.

<Logo.png, id=4, 206.27063pt x 53.44969pt>
File: Logo.png Graphic file (type png)
<use Logo.png>
Package pdftex.def Info: Logo.png  used on input line 73.
(pdftex.def)             Requested size: 91.32pt x 23.66309pt.

Overfull \hbox (505.12177pt too wide) has occurred while \output is active
[]
 []


Overfull \hbox (505.12177pt too wide) has occurred while \output is active
[]
 []


Overfull \hbox (505.12177pt too wide) has occurred while \output is active
[]
 []


Underfull \hbox (badness 10000) has occurred while \output is active
[]
 []

[1


 <./logo.png> <./bullet.png>]

Package xcolor Warning: Incompatible color definition on input line 80.


Package xcolor Warning: Incompatible color definition on input line 83.


Package xcolor Warning: Incompatible color definition on input line 87.


Package xcolor Warning: Incompatible color definition on input line 89.

<notaglineLogo.png, id=15, 169.38281pt x 42.91031pt>
File: notaglineLogo.png Graphic file (type png)
<use notaglineLogo.png>
Package pdftex.def Info: notaglineLogo.png  used on input line 93.
(pdftex.def)             Requested size: 91.32pt x 23.1352pt.

Overfull \hbox (505.12177pt too wide) has occurred while \output is active
[]
 []


Overfull \hbox (505.12177pt too wide) has occurred while \output is active
[]
 []


Underfull \hbox (badness 10000) has occurred while \output is active
[]
 []

[2 <./notaglinelogo.png>]

Package xcolor Warning: Incompatible color definition on input line 98.


Package xcolor Warning: Incompatible color definition on input line 102.

Package epstopdf Info: Source file: <pictures/survey_app_eng.eps>
(epstopdf)                    date: 2020-01-17 19:21:59
(epstopdf)                    size: 5651822 bytes
(epstopdf)             Output file: <pictures/survey_app_eng-eps-converted-to.p
df>
(epstopdf)                    date: 2020-01-17 19:22:20
(epstopdf)                    size: 460571 bytes
(epstopdf)             Command: <repstopdf --outfile=pictures/survey_app_eng-ep
s-converted-to.pdf pictures/survey_app_eng.eps>
(epstopdf)             \includegraphics on input line 115.
Package epstopdf Info: Output file is already uptodate.
<pictures/survey_app_eng-eps-converted-to.pdf, id=21, 1305.87875pt x 853.1875pt
>
File: pictures/survey_app_eng-eps-converted-to.pdf Graphic file (type pdf)
<use pictures/survey_app_eng-eps-converted-to.pdf>
Package pdftex.def Info: pictures/survey_app_eng-eps-converted-to.pdf  used on 
input line 115.
(pdftex.def)             Requested size: 256.0748pt x 167.30171pt.

Overfull \hbox (13.40125pt too wide) in paragraph at lines 115--117
 [][] 
 []

Package epstopdf Info: Source file: <pictures/data_over.eps>
(epstopdf)                    date: 2020-01-17 19:32:36
(epstopdf)                    size: 1496946 bytes
(epstopdf)             Output file: <pictures/data_over-eps-converted-to.pdf>
(epstopdf)                    date: 2020-01-17 19:32:47
(epstopdf)                    size: 32651 bytes
(epstopdf)             Command: <repstopdf --outfile=pictures/data_over-eps-con
verted-to.pdf pictures/data_over.eps>
(epstopdf)             \includegraphics on input line 124.
Package epstopdf Info: Output file is already uptodate.
<pictures/data_over-eps-converted-to.pdf, id=22, 757.83125pt x 411.5375pt>
File: pictures/data_over-eps-converted-to.pdf Graphic file (type pdf)
<use pictures/data_over-eps-converted-to.pdf>
Package pdftex.def Info: pictures/data_over-eps-converted-to.pdf  used on input
 line 124.
(pdftex.def)             Requested size: 256.0748pt x 139.0606pt.

Overfull \hbox (13.40125pt too wide) in paragraph at lines 124--126
 [][] 
 []


Package xcolor Warning: Incompatible color definition on input line 132.

Package epstopdf Info: Source file: <pictures/data_overview.eps>
(epstopdf)                    date: 2020-01-17 19:33:46
(epstopdf)                    size: 883250 bytes
(epstopdf)             Output file: <pictures/data_overview-eps-converted-to.pd
f>
(epstopdf)                    date: 2020-01-17 19:33:56
(epstopdf)                    size: 32549 bytes
(epstopdf)             Command: <repstopdf --outfile=pictures/data_overview-eps
-converted-to.pdf pictures/data_overview.eps>
(epstopdf)             \includegraphics on input line 140.
Package epstopdf Info: Output file is already uptodate.
<pictures/data_overview-eps-converted-to.pdf, id=23, 430.60875pt x 287.0725pt>
File: pictures/data_overview-eps-converted-to.pdf Graphic file (type pdf)
<use pictures/data_overview-eps-converted-to.pdf>
Package pdftex.def Info: pictures/data_overview-eps-converted-to.pdf  used on i
nput line 140.
(pdftex.def)             Requested size: 242.67355pt x 161.7845pt.

Overfull \hbox (18.43236pt too wide) in paragraph at lines 146--146
[][][]\T1/ptm/m/n/8 http://tjj.sz.gov.cn/zwgk/zfxxgkml/tjsj/tjgb/201804/t201804
27_11800902.htm| 
 []

File: notaglineLogo.png Graphic file (type png)
<use notaglineLogo.png>
Package pdftex.def Info: notaglineLogo.png  used on input line 147.
(pdftex.def)             Requested size: 91.32pt x 23.1352pt.

Overfull \hbox (505.12177pt too wide) has occurred while \output is active
[]
 []


Overfull \hbox (505.12177pt too wide) has occurred while \output is active
[]
 []


Underfull \hbox (badness 10000) has occurred while \output is active
[]
 []

[3 <./pictures/survey_app_eng-eps-converted-to.pdf> <./pictures/data_over-eps-c
onverted-to.pdf>]
Package epstopdf Info: Source file: <pictures/data3_2.eps>
(epstopdf)                    date: 2020-01-09 17:58:06
(epstopdf)                    size: 4875202 bytes
(epstopdf)             Output file: <pictures/data3_2-eps-converted-to.pdf>
(epstopdf)                    date: 2020-01-09 17:58:13
(epstopdf)                    size: 704045 bytes
(epstopdf)             Command: <repstopdf --outfile=pictures/data3_2-eps-conve
rted-to.pdf pictures/data3_2.eps>
(epstopdf)             \includegraphics on input line 173.
Package epstopdf Info: Output file is already uptodate.
<pictures/data3_2-eps-converted-to.pdf, id=44, 1230.5975pt x 740.7675pt>
File: pictures/data3_2-eps-converted-to.pdf Graphic file (type pdf)
<use pictures/data3_2-eps-converted-to.pdf>
Package pdftex.def Info: pictures/data3_2-eps-converted-to.pdf  used on input l
ine 173.
(pdftex.def)             Requested size: 242.67355pt x 146.07108pt.


Package xcolor Warning: Incompatible color definition on input line 180.


Package xcolor Warning: Incompatible color definition on input line 184.

Package epstopdf Info: Source file: <pictures/teaser.eps>
(epstopdf)                    date: 2018-05-31 19:15:26
(epstopdf)                    size: 5273934 bytes
(epstopdf)             Output file: <pictures/teaser-eps-converted-to.pdf>
(epstopdf)                    date: 2019-09-30 09:44:18
(epstopdf)                    size: 1192112 bytes
(epstopdf)             Command: <repstopdf --outfile=pictures/teaser-eps-conver
ted-to.pdf pictures/teaser.eps>
(epstopdf)             \includegraphics on input line 196.
Package epstopdf Info: Output file is already uptodate.
<pictures/teaser-eps-converted-to.pdf, id=45, 791.95876pt x 412.54124pt>
File: pictures/teaser-eps-converted-to.pdf Graphic file (type pdf)
<use pictures/teaser-eps-converted-to.pdf>
Package pdftex.def Info: pictures/teaser-eps-converted-to.pdf  used on input li
ne 196.
(pdftex.def)             Requested size: 514.99504pt x 268.26823pt.

Overfull \hbox (9.87328pt too wide) in paragraph at lines 196--197
 [][] 
 []


Package xcolor Warning: Incompatible color definition on input line 201.

File: notaglineLogo.png Graphic file (type png)
<use notaglineLogo.png>
Package pdftex.def Info: notaglineLogo.png  used on input line 207.
(pdftex.def)             Requested size: 91.32pt x 23.1352pt.

Overfull \hbox (505.12177pt too wide) has occurred while \output is active
[]
 []


Overfull \hbox (505.12177pt too wide) has occurred while \output is active
[]
 []


Underfull \hbox (badness 10000) has occurred while \output is active
[]
 []

[4 <./pictures/data_overview-eps-converted-to.pdf> <./pictures/data3_2-eps-conv
erted-to.pdf>]
Underfull \hbox (badness 1997) in paragraph at lines 208--209
[]\T1/ptm/b/n/10 Effective mul-ti-vari-able cross-filter for in-di-vid-ual
 []


Package xcolor Warning: Incompatible color definition on input line 214.


Underfull \vbox (badness 10000) has occurred while \output is active []



Package xcolor Warning: Incompatible color definition on input line 221.

File: notaglineLogo.png Graphic file (type png)
<use notaglineLogo.png>
Package pdftex.def Info: notaglineLogo.png  used on input line 225.
(pdftex.def)             Requested size: 91.32pt x 23.1352pt.

Overfull \hbox (505.12177pt too wide) has occurred while \output is active
[]
 []


Overfull \hbox (505.12177pt too wide) has occurred while \output is active
[]
 []


Underfull \hbox (badness 10000) has occurred while \output is active
[]
 []

[5 <./pictures/teaser-eps-converted-to.pdf>]
Package epstopdf Info: Source file: <pictures/design_profile.eps>
(epstopdf)                    date: 2020-01-17 19:37:16
(epstopdf)                    size: 1380430 bytes
(epstopdf)             Output file: <pictures/design_profile-eps-converted-to.p
df>
(epstopdf)                    date: 2020-01-17 19:37:35
(epstopdf)                    size: 171998 bytes
(epstopdf)             Command: <repstopdf --outfile=pictures/design_profile-ep
s-converted-to.pdf pictures/design_profile.eps>
(epstopdf)             \includegraphics on input line 239.
Package epstopdf Info: Output file is already uptodate.
<pictures/design_profile-eps-converted-to.pdf, id=107, 420.57124pt x 215.80624p
t>
File: pictures/design_profile-eps-converted-to.pdf Graphic file (type pdf)
<use pictures/design_profile-eps-converted-to.pdf>
Package pdftex.def Info: pictures/design_profile-eps-converted-to.pdf  used on 
input line 239.
(pdftex.def)             Requested size: 242.67355pt x 124.52228pt.
Package epstopdf Info: Source file: <pictures/design_example.eps>
(epstopdf)                    date: 2018-05-31 10:46:28
(epstopdf)                    size: 2739190 bytes
(epstopdf)             Output file: <pictures/design_example-eps-converted-to.p
df>
(epstopdf)                    date: 2019-09-30 07:04:50
(epstopdf)                    size: 229273 bytes
(epstopdf)             Command: <repstopdf --outfile=pictures/design_example-ep
s-converted-to.pdf pictures/design_example.eps>
(epstopdf)             \includegraphics on input line 249.
Package epstopdf Info: Output file is already uptodate.
<pictures/design_example-eps-converted-to.pdf, id=108, 447.6725pt x 387.4475pt>

File: pictures/design_example-eps-converted-to.pdf Graphic file (type pdf)
<use pictures/design_example-eps-converted-to.pdf>
Package pdftex.def Info: pictures/design_example-eps-converted-to.pdf  used on 
input line 249.
(pdftex.def)             Requested size: 242.67355pt x 210.02847pt.


Package xcolor Warning: Incompatible color definition on input line 254.

File: notaglineLogo.png Graphic file (type png)
<use notaglineLogo.png>
Package pdftex.def Info: notaglineLogo.png  used on input line 267.
(pdftex.def)             Requested size: 91.32pt x 23.1352pt.

Overfull \hbox (505.12177pt too wide) has occurred while \output is active
[]
 []


Overfull \hbox (505.12177pt too wide) has occurred while \output is active
[]
 []


Underfull \hbox (badness 10000) has occurred while \output is active
[]
 []

[6 <./pictures/design_profile-eps-converted-to.pdf> <./pictures/design_example-
eps-converted-to.pdf>]
Package epstopdf Info: Source file: <pictures/tsne.eps>
(epstopdf)                    date: 2018-05-31 22:57:26
(epstopdf)                    size: 2631554 bytes
(epstopdf)             Output file: <pictures/tsne-eps-converted-to.pdf>
(epstopdf)                    date: 2019-09-30 07:04:50
(epstopdf)                    size: 362732 bytes
(epstopdf)             Command: <repstopdf --outfile=pictures/tsne-eps-converte
d-to.pdf pictures/tsne.eps>
(epstopdf)             \includegraphics on input line 270.
Package epstopdf Info: Output file is already uptodate.
<pictures/tsne-eps-converted-to.pdf, id=140, 567.11874pt x 212.795pt>
File: pictures/tsne-eps-converted-to.pdf Graphic file (type pdf)
<use pictures/tsne-eps-converted-to.pdf>
Package pdftex.def Info: pictures/tsne-eps-converted-to.pdf  used on input line
 270.
(pdftex.def)             Requested size: 242.67355pt x 91.05522pt.


Package xcolor Warning: Incompatible color definition on input line 275.

Package epstopdf Info: Source file: <pictures/space1.eps>
(epstopdf)                    date: 2020-01-09 17:46:23
(epstopdf)                    size: 2777750 bytes
(epstopdf)             Output file: <pictures/space1-eps-converted-to.pdf>
(epstopdf)                    date: 2020-01-09 17:48:04
(epstopdf)                    size: 523910 bytes
(epstopdf)             Command: <repstopdf --outfile=pictures/space1-eps-conver
ted-to.pdf pictures/space1.eps>
(epstopdf)             \includegraphics on input line 285.
Package epstopdf Info: Output file is already uptodate.
<pictures/space1-eps-converted-to.pdf, id=141, 813.0375pt x 432.61626pt>
File: pictures/space1-eps-converted-to.pdf Graphic file (type pdf)
<use pictures/space1-eps-converted-to.pdf>
Package pdftex.def Info: pictures/space1-eps-converted-to.pdf  used on input li
ne 285.
(pdftex.def)             Requested size: 244.6937pt x 130.20175pt.
Package epstopdf Info: Source file: <pictures/space2.eps>
(epstopdf)                    date: 2020-01-09 17:47:42
(epstopdf)                    size: 2834234 bytes
(epstopdf)             Output file: <pictures/space2-eps-converted-to.pdf>
(epstopdf)                    date: 2020-01-09 17:48:07
(epstopdf)                    size: 488881 bytes
(epstopdf)             Command: <repstopdf --outfile=pictures/space2-eps-conver
ted-to.pdf pictures/space2.eps>
(epstopdf)             \includegraphics on input line 288.
Package epstopdf Info: Output file is already uptodate.
<pictures/space2-eps-converted-to.pdf, id=142, 813.0375pt x 432.61626pt>
File: pictures/space2-eps-converted-to.pdf Graphic file (type pdf)
<use pictures/space2-eps-converted-to.pdf>
Package pdftex.def Info: pictures/space2-eps-converted-to.pdf  used on input li
ne 288.
(pdftex.def)             Requested size: 244.6937pt x 130.20175pt.
Package epstopdf Info: Source file: <pictures/space3.eps>
(epstopdf)                    date: 2020-01-11 11:55:58
(epstopdf)                    size: 896034 bytes
(epstopdf)             Output file: <pictures/space3-eps-converted-to.pdf>
(epstopdf)                    date: 2020-01-11 11:56:43
(epstopdf)                    size: 23204 bytes
(epstopdf)             Command: <repstopdf --outfile=pictures/space3-eps-conver
ted-to.pdf pictures/space3.eps>
(epstopdf)             \includegraphics on input line 291.
Package epstopdf Info: Output file is already uptodate.
<pictures/space3-eps-converted-to.pdf, id=143, 740.7675pt x 192.72pt>
File: pictures/space3-eps-converted-to.pdf Graphic file (type pdf)
<use pictures/space3-eps-converted-to.pdf>
Package pdftex.def Info: pictures/space3-eps-converted-to.pdf  used on input li
ne 291.
(pdftex.def)             Requested size: 244.6937pt x 63.65955pt.

Overfull \hbox (4.52014pt too wide) in paragraph at lines 285--292
 [][][] 
 []


Overfull \hbox (4.52014pt too wide) in paragraph at lines 285--292
 [][] 
 []


Overfull \hbox (4.52014pt too wide) in paragraph at lines 285--292
 [][] 
 []


Package xcolor Warning: Incompatible color definition on input line 302.

File: notaglineLogo.png Graphic file (type png)
<use notaglineLogo.png>
Package pdftex.def Info: notaglineLogo.png  used on input line 306.
(pdftex.def)             Requested size: 91.32pt x 23.1352pt.

Overfull \hbox (505.12177pt too wide) has occurred while \output is active
[]
 []


Overfull \hbox (505.12177pt too wide) has occurred while \output is active
[]
 []


Underfull \hbox (badness 10000) has occurred while \output is active
[]
 []

[7 <./pictures/tsne-eps-converted-to.pdf> <./pictures/space1-eps-converted-to.p
df> <./pictures/space2-eps-converted-to.pdf> <./pictures/space3-eps-converted-t
o.pdf>]

Package xcolor Warning: Incompatible color definition on input line 306.

Package epstopdf Info: Source file: <pictures/case1_1.eps>
(epstopdf)                    date: 2020-01-17 19:39:03
(epstopdf)                    size: 2919278 bytes
(epstopdf)             Output file: <pictures/case1_1-eps-converted-to.pdf>
(epstopdf)                    date: 2020-01-17 19:39:18
(epstopdf)                    size: 302864 bytes
(epstopdf)             Command: <repstopdf --outfile=pictures/case1_1-eps-conve
rted-to.pdf pictures/case1_1.eps>
(epstopdf)             \includegraphics on input line 312.
Package epstopdf Info: Output file is already uptodate.
<pictures/case1_1-eps-converted-to.pdf, id=183, 713.66624pt x 454.69875pt>
File: pictures/case1_1-eps-converted-to.pdf Graphic file (type pdf)
<use pictures/case1_1-eps-converted-to.pdf>
Package pdftex.def Info: pictures/case1_1-eps-converted-to.pdf  used on input l
ine 312.
(pdftex.def)             Requested size: 242.67355pt x 154.61633pt.
Package epstopdf Info: Source file: <pictures/case1_2.eps>
(epstopdf)                    date: 2018-06-01 02:26:52
(epstopdf)                    size: 1234918 bytes
(epstopdf)             Output file: <pictures/case1_2-eps-converted-to.pdf>
(epstopdf)                    date: 2019-09-30 07:07:18
(epstopdf)                    size: 56840 bytes
(epstopdf)             Command: <repstopdf --outfile=pictures/case1_2-eps-conve
rted-to.pdf pictures/case1_2.eps>
(epstopdf)             \includegraphics on input line 325.
Package epstopdf Info: Output file is already uptodate.
<pictures/case1_2-eps-converted-to.pdf, id=184, 712.6625pt x 424.58624pt>
File: pictures/case1_2-eps-converted-to.pdf Graphic file (type pdf)
<use pictures/case1_2-eps-converted-to.pdf>
Package pdftex.def Info: pictures/case1_2-eps-converted-to.pdf  used on input l
ine 325.
(pdftex.def)             Requested size: 242.67355pt x 144.57768pt.
<pictures/case1_3_new-eps-converted-to.pdf, id=185, 1409.265pt x 2757.30125pt>
File: pictures/case1_3_new-eps-converted-to.pdf Graphic file (type pdf)
<use pictures/case1_3_new-eps-converted-to.pdf>
Package pdftex.def Info: pictures/case1_3_new-eps-converted-to.pdf  used on inp
ut line 335.
(pdftex.def)             Requested size: 242.67355pt x 474.79353pt.

Package xcolor Warning: Incompatible color definition on input line 343.

Package epstopdf Info: Source file: <pictures/case2.eps>
(epstopdf)                    date: 2020-01-17 19:41:08
(epstopdf)                    size: 12248346 bytes
(epstopdf)             Output file: <pictures/case2-eps-converted-to.pdf>
(epstopdf)                    date: 2020-01-17 19:41:22
(epstopdf)                    size: 1381705 bytes
(epstopdf)             Command: <repstopdf --outfile=pictures/case2-eps-convert
ed-to.pdf pictures/case2.eps>
(epstopdf)             \includegraphics on input line 348.
Package epstopdf Info: Output file is already uptodate.
<pictures/case2-eps-converted-to.pdf, id=186, 2423.0525pt x 1977.3875pt>
File: pictures/case2-eps-converted-to.pdf Graphic file (type pdf)
<use pictures/case2-eps-converted-to.pdf>
Package pdftex.def Info: pictures/case2-eps-converted-to.pdf  used on input lin
e 348.
(pdftex.def)             Requested size: 242.67355pt x 198.02188pt.
File: notaglineLogo.png Graphic file (type png)
<use notaglineLogo.png>
Package pdftex.def Info: notaglineLogo.png  used on input line 354.
(pdftex.def)             Requested size: 91.32pt x 23.1352pt.

Overfull \hbox (505.12177pt too wide) has occurred while \output is active
[]
 []


Overfull \hbox (505.12177pt too wide) has occurred while \output is active
[]
 []


Underfull \hbox (badness 10000) has occurred while \output is active
[]
 []

[8 <./pictures/case1_1-eps-converted-to.pdf> <./pictures/case1_2-eps-converted-
to.pdf>]

Package xcolor Warning: Incompatible color definition on input line 361.

File: notaglineLogo.png Graphic file (type png)
<use notaglineLogo.png>
Package pdftex.def Info: notaglineLogo.png  used on input line 363.
(pdftex.def)             Requested size: 91.32pt x 23.1352pt.

Overfull \hbox (505.12177pt too wide) has occurred while \output is active
[]
 []


Overfull \hbox (505.12177pt too wide) has occurred while \output is active
[]
 []


Underfull \hbox (badness 10000) has occurred while \output is active
[]
 []

[9 <./pictures/case1_3_new-eps-converted-to.pdf> <./pictures/case2-eps-converte
d-to.pdf>]
Package epstopdf Info: Source file: <pictures/case3.eps>
(epstopdf)                    date: 2020-01-17 19:42:46
(epstopdf)                    size: 7471910 bytes
(epstopdf)             Output file: <pictures/case3-eps-converted-to.pdf>
(epstopdf)                    date: 2020-01-17 19:42:59
(epstopdf)                    size: 1738238 bytes
(epstopdf)             Command: <repstopdf --outfile=pictures/case3-eps-convert
ed-to.pdf pictures/case3.eps>
(epstopdf)             \includegraphics on input line 366.
Package epstopdf Info: Output file is already uptodate.
<pictures/case3-eps-converted-to.pdf, id=275, 1524.69624pt x 910.40125pt>
File: pictures/case3-eps-converted-to.pdf Graphic file (type pdf)
<use pictures/case3-eps-converted-to.pdf>
Package pdftex.def Info: pictures/case3-eps-converted-to.pdf  used on input lin
e 366.
(pdftex.def)             Requested size: 242.67355pt x 144.88924pt.
Package epstopdf Info: Source file: <pictures/case3_2.eps>
(epstopdf)                    date: 2020-01-09 17:35:31
(epstopdf)                    size: 7963854 bytes
(epstopdf)             Output file: <pictures/case3_2-eps-converted-to.pdf>
(epstopdf)                    date: 2020-01-09 17:36:21
(epstopdf)                    size: 1565089 bytes
(epstopdf)             Command: <repstopdf --outfile=pictures/case3_2-eps-conve
rted-to.pdf pictures/case3_2.eps>
(epstopdf)             \includegraphics on input line 375.
Package epstopdf Info: Output file is already uptodate.
<pictures/case3_2-eps-converted-to.pdf, id=276, 1619.04875pt x 1087.06125pt>
File: pictures/case3_2-eps-converted-to.pdf Graphic file (type pdf)
<use pictures/case3_2-eps-converted-to.pdf>
Package pdftex.def Info: pictures/case3_2-eps-converted-to.pdf  used on input l
ine 375.
(pdftex.def)             Requested size: 242.67355pt x 162.93604pt.


Package xcolor Warning: Incompatible color definition on input line 383.


Package xcolor Warning: Incompatible color definition on input line 389.

(./ia_vis_3d_final.bbl
File: notaglineLogo.png Graphic file (type png)
<use notaglineLogo.png>
Package pdftex.def Info: notaglineLogo.png  used on input line 2.
(pdftex.def)             Requested size: 91.32pt x 23.1352pt.

Overfull \hbox (505.12177pt too wide) has occurred while \output is active
[]
 []


Overfull \hbox (505.12177pt too wide) has occurred while \output is active
[]
 []


Underfull \hbox (badness 10000) has occurred while \output is active
[]
 []

[10 <./pictures/case3-eps-converted-to.pdf> <./pictures/case3_2-eps-converted-t
o.pdf>]

Package xcolor Warning: Incompatible color definition on input line 2.


LaTeX Font Warning: Font shape `T1/ptm/n/it' undefined
(Font)              using `T1/ptm/n/n' instead on input line 25.

)
<bio/wq.pdf, id=304, 2845.27985pt x 3556.59747pt>
File: bio/wq.pdf Graphic file (type pdf)
<use bio/wq.pdf>
Package pdftex.def Info: bio/wq.pdf  used on input line 398.
(pdftex.def)             Requested size: 72.24326pt x 90.304pt.
File: bio/wq.pdf Graphic file (type pdf)
<use bio/wq.pdf>
Package pdftex.def Info: bio/wq.pdf  used on input line 398.
(pdftex.def)             Requested size: 72.24326pt x 90.304pt.
<bio/minlu.pdf, id=307, 113.42375pt x 153.57375pt>
File: bio/minlu.pdf Graphic file (type pdf)
<use bio/minlu.pdf>
Package pdftex.def Info: bio/minlu.pdf  used on input line 401.
(pdftex.def)             Requested size: 66.72038pt x 90.33823pt.
File: bio/minlu.pdf Graphic file (type pdf)
<use bio/minlu.pdf>
Package pdftex.def Info: bio/minlu.pdf  used on input line 401.
(pdftex.def)             Requested size: 66.72038pt x 90.33823pt.
File: notaglineLogo.png Graphic file (type png)
<use notaglineLogo.png>
Package pdftex.def Info: notaglineLogo.png  used on input line 404.
(pdftex.def)             Requested size: 91.32pt x 23.1352pt.

Overfull \hbox (505.12177pt too wide) has occurred while \output is active
[]
 []


Overfull \hbox (505.12177pt too wide) has occurred while \output is active
[]
 []


Underfull \hbox (badness 10000) has occurred while \output is active
[]
 []

[11 <./bio/wq.pdf> <./bio/minlu.pdf>]
<bio/lqq.pdf, id=559, 199.82655pt x 293.05484pt>
File: bio/lqq.pdf Graphic file (type pdf)
<use bio/lqq.pdf>
Package pdftex.def Info: bio/lqq.pdf  used on input line 404.
(pdftex.def)             Requested size: 61.59798pt x 90.33629pt.
File: bio/lqq.pdf Graphic file (type pdf)
<use bio/lqq.pdf>
Package pdftex.def Info: bio/lqq.pdf  used on input line 404.
(pdftex.def)             Requested size: 61.59798pt x 90.33629pt.
File: bullet.png Graphic file (type png)
<use bullet.png>
Package pdftex.def Info: bullet.png  used on input line 407.
(pdftex.def)             Requested size: 5.0pt x 14.6871pt.
File: notaglineLogo.png Graphic file (type png)
<use notaglineLogo.png>
Package pdftex.def Info: notaglineLogo.png  used on input line 409.
(pdftex.def)             Requested size: 91.32pt x 23.1352pt.

Overfull \hbox (505.12177pt too wide) has occurred while \output is active
[]
 []


Overfull \hbox (505.12177pt too wide) has occurred while \output is active
[]
 []


Underfull \hbox (badness 10000) has occurred while \output is active
[]
 []

[12

 <./bio/lqq.pdf>] (./ia_vis_3d_final.aux)

LaTeX Font Warning: Some font shapes were not available, defaults substituted.

 ) 
Here is how much of TeX's memory you used:
 16704 strings out of 492616
 300095 string characters out of 6128960
 489945 words of memory out of 5000000
 20397 multiletter control sequences out of 15000+600000
 629971 words of font info for 151 fonts, out of 8000000 for 9000
 1141 hyphenation exceptions out of 8191
 53i,13n,92p,1939b,438s stack positions out of 5000i,500n,10000p,200000b,80000s
{d:/texlive/texlive/2018/texmf-dist/fonts/enc/dvips/base/8r.enc}<d:/texlive/t
exlive/2018/texmf-dist/fonts/type1/public/amsfonts/cm/cmex10.pfb><d:/texlive/te
xlive/2018/texmf-dist/fonts/type1/public/amsfonts/cm/cmmi10.pfb><d:/texlive/tex
live/2018/texmf-dist/fonts/type1/public/amsfonts/cm/cmmi7.pfb><d:/texlive/texli
ve/2018/texmf-dist/fonts/type1/public/amsfonts/cm/cmr10.pfb><d:/texlive/texlive
/2018/texmf-dist/fonts/type1/public/amsfonts/cm/cmr7.pfb><d:/texlive/texlive/20
18/texmf-dist/fonts/type1/public/amsfonts/cm/cmsy10.pfb><d:/texlive/texlive/201
8/texmf-dist/fonts/type1/public/amsfonts/cm/cmsy7.pfb><d:/texlive/texlive/2018/
texmf-dist/fonts/type1/urw/helvetic/uhvb8a.pfb><d:/texlive/texlive/2018/texmf-d
ist/fonts/type1/urw/helvetic/uhvbo8a.pfb><d:/texlive/texlive/2018/texmf-dist/fo
nts/type1/urw/helvetic/uhvr8a.pfb><d:/texlive/texlive/2018/texmf-dist/fonts/typ
e1/urw/helvetic/uhvro8a.pfb><d:/texlive/texlive/2018/texmf-dist/fonts/type1/urw
/times/utmb8a.pfb><d:/texlive/texlive/2018/texmf-dist/fonts/type1/urw/times/utm
r8a.pfb><d:/texlive/texlive/2018/texmf-dist/fonts/type1/urw/times/utmri8a.pfb>
Output written on ia_vis_3d_final.pdf (12 pages, 17860801 bytes).
PDF statistics:
 620 PDF objects out of 1000 (max. 8388607)
 204 compressed objects within 3 object streams
 0 named destinations out of 1000 (max. 500000)
 160 words of extra memory for PDF output out of 10000 (max. 10000000)

